<?xml version="1.0" encoding="UTF-8"?>
<testng-results ignored="0" total="1" passed="1" failed="0" skipped="0">
  <reporter-output>
  </reporter-output>
  <suite started-at="2026-03-06T12:48:57 IST" name="Default suite" finished-at="2026-03-06T12:49:05 IST" duration-ms="8899">
    <groups>
    </groups>
    <test started-at="2026-03-06T12:48:57 IST" name="Default test" finished-at="2026-03-06T12:49:05 IST" duration-ms="8899">
      <class name="login.SortProduct">
        <test-method is-config="true" signature="setUP()[pri:0, instance:login.SortProduct@4681c175]" started-at="2026-03-06T12:48:57 IST" name="setUP" finished-at="2026-03-06T12:49:01 IST" duration-ms="4179" status="PASS">
          <reporter-output>
          </reporter-output>
        </test-method> <!-- setUP -->
        <test-method signature="sortProduct()[pri:0, instance:login.SortProduct@4681c175]" started-at="2026-03-06T12:49:01 IST" name="sortProduct" finished-at="2026-03-06T12:49:05 IST" duration-ms="4234" status="PASS">
          <reporter-output>
          </reporter-output>
        </test-method> <!-- sortProduct -->
        <test-method is-config="true" signature="tearDown()[pri:0, instance:login.SortProduct@4681c175]" started-at="2026-03-06T12:49:05 IST" name="tearDown" finished-at="2026-03-06T12:49:05 IST" duration-ms="1" status="PASS">
          <reporter-output>
          </reporter-output>
        </test-method> <!-- tearDown -->
      </class> <!-- login.SortProduct -->
    </test> <!-- Default test -->
  </suite> <!-- Default suite -->
</testng-results>
