<?xml version="1.0" encoding="UTF-8"?>
<testng-results ignored="2" total="5" passed="2" failed="1" skipped="0">
  <reporter-output>
  </reporter-output>
  <suite started-at="2026-03-03T16:21:30 IST" name="Suite" finished-at="2026-03-03T16:21:44 IST" duration-ms="13958">
    <groups>
    </groups>
    <test started-at="2026-03-03T16:21:30 IST" name="Test" finished-at="2026-03-03T16:21:44 IST" duration-ms="13958">
      <class name="login.LoginTest1">
        <test-method is-config="true" signature="setUP()[pri:0, instance:login.LoginTest1@498d318c]" started-at="2026-03-03T16:21:30 IST" name="setUP" finished-at="2026-03-03T16:21:34 IST" duration-ms="3851" status="PASS">
          <reporter-output>
          </reporter-output>
        </test-method> <!-- setUP -->
        <test-method signature="loginWithOnvalid()[pri:0, instance:login.LoginTest1@498d318c]" started-at="2026-03-03T16:21:34 IST" name="loginWithOnvalid" finished-at="2026-03-03T16:21:34 IST" duration-ms="558" status="PASS">
          <reporter-output>
          </reporter-output>
        </test-method> <!-- loginWithOnvalid -->
        <test-method is-config="true" signature="tearDown()[pri:0, instance:login.LoginTest1@498d318c]" started-at="2026-03-03T16:21:34 IST" name="tearDown" finished-at="2026-03-03T16:21:35 IST" duration-ms="351" status="PASS">
          <reporter-output>
          </reporter-output>
        </test-method> <!-- tearDown -->
        <test-method is-config="true" signature="setUP()[pri:0, instance:login.LoginTest1@498d318c]" started-at="2026-03-03T16:21:35 IST" name="setUP" finished-at="2026-03-03T16:21:37 IST" duration-ms="2605" status="PASS">
          <reporter-output>
          </reporter-output>
        </test-method> <!-- setUP -->
        <test-method signature="loginwithvalid()[pri:0, instance:login.LoginTest1@498d318c]" started-at="2026-03-03T16:21:37 IST" name="loginwithvalid" finished-at="2026-03-03T16:21:38 IST" duration-ms="708" status="PASS">
          <reporter-output>
          </reporter-output>
        </test-method> <!-- loginwithvalid -->
        <test-method is-config="true" signature="tearDown()[pri:0, instance:login.LoginTest1@498d318c]" started-at="2026-03-03T16:21:38 IST" name="tearDown" finished-at="2026-03-03T16:21:38 IST" duration-ms="1" status="PASS">
          <reporter-output>
          </reporter-output>
        </test-method> <!-- tearDown -->
      </class> <!-- login.LoginTest1 -->
      <class name="login.ProductTest">
        <test-method is-config="true" signature="setUP()[pri:0, instance:login.ProductTest@6e171cd7]" started-at="2026-03-03T16:21:38 IST" name="setUP" finished-at="2026-03-03T16:21:40 IST" duration-ms="2083" status="PASS">
          <reporter-output>
          </reporter-output>
        </test-method> <!-- setUP -->
        <test-method signature="checkoutProductFromCart()[pri:0, instance:login.ProductTest@6e171cd7]" started-at="2026-03-03T16:21:40 IST" name="checkoutProductFromCart" finished-at="2026-03-03T16:21:44 IST" duration-ms="3476" status="FAIL">
          <exception class="java.lang.AssertionError">
            <message>
              <![CDATA[expected [https://www.saucedemo.com/checkout-complete.ht] but found [https://www.saucedemo.com/checkout-complete.html]]]>
            </message>
            <full-stacktrace>
              <![CDATA[java.lang.AssertionError: expected [https://www.saucedemo.com/checkout-complete.ht] but found [https://www.saucedemo.com/checkout-complete.html]
at org.testng.Assert.fail(Assert.java:99)
at org.testng.Assert.failNotEquals(Assert.java:1037)
at org.testng.Assert.assertEqualsImpl(Assert.java:140)
at org.testng.Assert.assertEquals(Assert.java:122)
at org.testng.Assert.assertEquals(Assert.java:629)
at org.testng.Assert.assertEquals(Assert.java:639)
at login.ProductTest.checkoutProductFromCart(ProductTest.java:65)
at java.base/jdk.internal.reflect.NativeMethodAccessorImpl.invoke0(Native Method)
at java.base/jdk.internal.reflect.NativeMethodAccessorImpl.invoke(NativeMethodAccessorImpl.java:77)
at java.base/jdk.internal.reflect.DelegatingMethodAccessorImpl.invoke(DelegatingMethodAccessorImpl.java:43)
at java.base/java.lang.reflect.Method.invoke(Method.java:568)
at org.testng.internal.MethodInvocationHelper.invokeMethod(MethodInvocationHelper.java:133)
at org.testng.internal.TestInvoker.invokeMethod(TestInvoker.java:598)
at org.testng.internal.TestInvoker.invokeTestMethod(TestInvoker.java:173)
at org.testng.internal.MethodRunner.runInSequence(MethodRunner.java:46)
at org.testng.internal.TestInvoker$MethodInvocationAgent.invoke(TestInvoker.java:824)
at org.testng.internal.TestInvoker.invokeTestMethods(TestInvoker.java:146)
at org.testng.internal.TestMethodWorker.invokeTestMethods(TestMethodWorker.java:146)
at org.testng.internal.TestMethodWorker.run(TestMethodWorker.java:128)
at java.base/java.util.ArrayList.forEach(ArrayList.java:1511)
at org.testng.TestRunner.privateRun(TestRunner.java:794)
at org.testng.TestRunner.run(TestRunner.java:596)
at org.testng.SuiteRunner.runTest(SuiteRunner.java:377)
at org.testng.SuiteRunner.runSequentially(SuiteRunner.java:371)
at org.testng.SuiteRunner.privateRun(SuiteRunner.java:332)
at org.testng.SuiteRunner.run(SuiteRunner.java:276)
at org.testng.SuiteRunnerWorker.runSuite(SuiteRunnerWorker.java:53)
at org.testng.SuiteRunnerWorker.run(SuiteRunnerWorker.java:96)
at org.testng.TestNG.runSuitesSequentially(TestNG.java:1212)
at org.testng.TestNG.runSuitesLocally(TestNG.java:1134)
at org.testng.TestNG.runSuites(TestNG.java:1063)
at org.testng.TestNG.run(TestNG.java:1031)
at org.testng.remote.AbstractRemoteTestNG.run(AbstractRemoteTestNG.java:115)
at org.testng.remote.RemoteTestNG.initAndRun(RemoteTestNG.java:251)
at org.testng.remote.RemoteTestNG.main(RemoteTestNG.java:77)
]]>
            </full-stacktrace>
          </exception> <!-- java.lang.AssertionError -->
          <reporter-output>
          </reporter-output>
        </test-method> <!-- checkoutProductFromCart -->
        <test-method is-config="true" signature="tearDown()[pri:0, instance:login.ProductTest@6e171cd7]" started-at="2026-03-03T16:21:44 IST" name="tearDown" finished-at="2026-03-03T16:21:44 IST" duration-ms="264" status="PASS">
          <reporter-output>
          </reporter-output>
        </test-method> <!-- tearDown -->
      </class> <!-- login.ProductTest -->
    </test> <!-- Test -->
  </suite> <!-- Suite -->
</testng-results>
