<?xml version="1.0" encoding="UTF-8"?>
<!-- Generated by org.testng.reporters.JUnitXMLReporter -->
<testsuite ignored="2" hostname="ADTHYA" failures="1" tests="3" name="Test" time="13.958" errors="0" timestamp="2026-03-03T16:21:44 IST">
  <testcase classname="login.LoginTest1" name="loginWithOnvalid" time="0.558"/>
  <testcase classname="login.LoginTest1" name="loginwithvalid" time="0.708"/>
  <testcase classname="login.ProductTest" name="checkoutProductFromCart" time="3.476">
    <failure type="java.lang.AssertionError" message="expected [https://www.saucedemo.com/checkout-complete.ht] but found [https://www.saucedemo.com/checkout-complete.html]">
      <![CDATA[java.lang.AssertionError: expected [https://www.saucedemo.com/checkout-complete.ht] but found [https://www.saucedemo.com/checkout-complete.html]
at login.ProductTest.checkoutProductFromCart(ProductTest.java:65)
at java.base/java.util.ArrayList.forEach(ArrayList.java:1511)
... Removed 33 stack frames]]>
    </failure>
  </testcase> <!-- checkoutProductFromCart -->
  <testcase classname="login.ProductTest" name="addProductToCartTest" time="0.0">
    <ignored/>
  </testcase> <!-- addProductToCartTest -->
  <testcase classname="login.ProductTest" name="removeProductFromCart" time="0.0">
    <ignored/>
  </testcase> <!-- removeProductFromCart -->
</testsuite> <!-- Test -->
