<?xml version="1.0" encoding="UTF-8"?>
<!-- Generated by org.testng.reporters.JUnitXMLReporter -->
<testsuite ignored="2" hostname="ADTHYA" failures="1" tests="1" name="Test(failed)" time="13.34" errors="0" timestamp="2026-03-04T14:52:29 IST">
  <testcase classname="login.ProductTest" name="checkoutProductFromCart" time="3.626">
    <failure type="java.lang.AssertionError" message="expected [https://www.saucedemo.com/checkout-complete.ht] but found [https://www.saucedemo.com/checkout-complete.html]">
      <![CDATA[java.lang.AssertionError: expected [https://www.saucedemo.com/checkout-complete.ht] but found [https://www.saucedemo.com/checkout-complete.html]
at login.ProductTest.checkoutProductFromCart(ProductTest.java:65)
at java.base/java.util.ArrayList.forEach(ArrayList.java:1511)
... Removed 33 stack frames]]>
    </failure>
  </testcase> <!-- checkoutProductFromCart -->
  <testcase classname="login.ProductTest" name="addProductToCartTest" time="0.0">
    <ignored/>
  </testcase> <!-- addProductToCartTest -->
  <testcase classname="login.ProductTest" name="removeProductFromCart" time="0.0">
    <ignored/>
  </testcase> <!-- removeProductFromCart -->
</testsuite> <!-- Test(failed) -->
