<?xml version="1.0" encoding="UTF-8"?>
<!-- Generated by org.testng.reporters.JUnitXMLReporter -->
<testsuite ignored="2" hostname="ADTHYA" failures="0" tests="1" name="Default test" time="5.854" errors="0" timestamp="2026-03-03T10:58:16 IST">
  <testcase classname="login.ProductTest" name="checkoutProductFromCart" time="3.022"/>
  <testcase classname="login.ProductTest" name="addProductToCartTest" time="0.0">
    <ignored/>
  </testcase> <!-- addProductToCartTest -->
  <testcase classname="login.ProductTest" name="removeProductFromCart" time="0.0">
    <ignored/>
  </testcase> <!-- removeProductFromCart -->
</testsuite> <!-- Default test -->
